Copyright 1986-2016 Xilinx, Inc. All Rights Reserved.
-------------------------------------------------------------------------------------------------------------------------------
| Tool Version     : Vivado v.2016.2 (win64) Build 1577090 Thu Jun  2 16:32:40 MDT 2016
| Date             : Mon May 15 17:18:12 2023
| Host             : zybzzz running 64-bit major release  (build 9200)
| Command          : report_power -file at7_power_routed.rpt -pb at7_power_summary_routed.pb -rpx at7_power_routed.rpx
| Design           : at7
| Device           : xc7a35tftg256-1
| Design State     : routed
| Grade            : commercial
| Process          : typical
| Characterization : Production
-------------------------------------------------------------------------------------------------------------------------------

Power Report

Table of Contents
-----------------
1. Summary
1.1 On-Chip Components
1.2 Power Supply Summary
1.3 Confidence Level
2. Settings
2.1 Environment
2.2 Clock Constraints
3. Detailed Reports
3.1 By Hierarchy

1. Summary
----------

+--------------------------+--------+
| Total On-Chip Power (W)  | 0.074  |
| Dynamic (W)              | 0.003  |
| Device Static (W)        | 0.072  |
| Effective TJA (C/W)      | 4.9    |
| Max Ambient (C)          | 84.6   |
| Junction Temperature (C) | 25.4   |
| Confidence Level         | Medium |
| Setting File             | ---    |
| Simulation Activity File | ---    |
| Design Nets Matched      | NA     |
+--------------------------+--------+


1.1 On-Chip Components
----------------------

+----------------+-----------+----------+-----------+-----------------+
| On-Chip        | Power (W) | Used     | Available | Utilization (%) |
+----------------+-----------+----------+-----------+-----------------+
| Clocks         |     0.001 |        8 |       --- |             --- |
| Slice Logic    |    <0.001 |      140 |       --- |             --- |
|   CARRY4       |    <0.001 |       26 |      8150 |            0.32 |
|   Register     |    <0.001 |       98 |     41600 |            0.24 |
|   LUT as Logic |    <0.001 |        5 |     20800 |            0.02 |
|   Others       |     0.000 |       11 |       --- |             --- |
| Signals        |    <0.001 |      123 |       --- |             --- |
| PLL            |     0.000 |        1 |         5 |           20.00 |
| I/O            |     0.001 |       10 |       170 |            5.88 |
| Static Power   |     0.072 |          |           |                 |
| Total          |     0.074 |          |           |                 |
+----------------+-----------+----------+-----------+-----------------+


1.2 Power Supply Summary
------------------------

+-----------+-------------+-----------+-------------+------------+
| Source    | Voltage (V) | Total (A) | Dynamic (A) | Static (A) |
+-----------+-------------+-----------+-------------+------------+
| Vccint    |       1.000 |     0.011 |       0.001 |      0.010 |
| Vccaux    |       1.800 |     0.013 |       0.000 |      0.013 |
| Vcco33    |       3.300 |     0.001 |       0.000 |      0.001 |
| Vcco25    |       2.500 |     0.000 |       0.000 |      0.000 |
| Vcco18    |       1.800 |     0.000 |       0.000 |      0.000 |
| Vcco15    |       1.500 |     0.000 |       0.000 |      0.000 |
| Vcco135   |       1.350 |     0.000 |       0.000 |      0.000 |
| Vcco12    |       1.200 |     0.000 |       0.000 |      0.000 |
| Vccaux_io |       1.800 |     0.000 |       0.000 |      0.000 |
| Vccbram   |       1.000 |     0.000 |       0.000 |      0.000 |
| MGTAVcc   |       1.000 |     0.000 |       0.000 |      0.000 |
| MGTAVtt   |       1.200 |     0.000 |       0.000 |      0.000 |
| Vccadc    |       1.800 |     0.020 |       0.000 |      0.020 |
+-----------+-------------+-----------+-------------+------------+


1.3 Confidence Level
--------------------

+-----------------------------+------------+-------------------------------------------------------+------------------------------------------------------------------------------------------------------------+
| User Input Data             | Confidence | Details                                               | Action                                                                                                     |
+-----------------------------+------------+-------------------------------------------------------+------------------------------------------------------------------------------------------------------------+
| Design implementation state | High       | Design is routed                                      |                                                                                                            |
| Clock nodes activity        | High       | User specified more than 95% of clocks                |                                                                                                            |
| I/O nodes activity          | Medium     | More than 5% of inputs are missing user specification | Provide missing input activity with simulation results or by editing the "By Resource Type -> I/Os" view   |
| Internal nodes activity     | Medium     | User specified less than 25% of internal nodes        | Provide missing internal nodes activity with simulation results or by editing the "By Resource Type" views |
| Device models               | High       | Device models are Production                          |                                                                                                            |
|                             |            |                                                       |                                                                                                            |
| Overall confidence level    | Medium     |                                                       |                                                                                                            |
+-----------------------------+------------+-------------------------------------------------------+------------------------------------------------------------------------------------------------------------+


2. Settings
-----------

2.1 Environment
---------------

+-----------------------+--------------------------+
| Ambient Temp (C)      | 25.0                     |
| ThetaJA (C/W)         | 4.9                      |
| Airflow (LFM)         | 250                      |
| Heat Sink             | medium (Medium Profile)  |
| ThetaSA (C/W)         | 4.6                      |
| Board Selection       | medium (10"x10")         |
| # of Board Layers     | 12to15 (12 to 15 Layers) |
| Board Temperature (C) | 25.0                     |
+-----------------------+--------------------------+


2.2 Clock Constraints
---------------------

+--------------------+--------------------------------------+-----------------+
| Clock              | Domain                               | Constraint (ns) |
+--------------------+--------------------------------------+-----------------+
| clk_out1_clk_wiz_0 | u1_clk_wiz_0/inst/clk_out1_clk_wiz_0 |            80.0 |
| clk_out2_clk_wiz_0 | u1_clk_wiz_0/inst/clk_out2_clk_wiz_0 |            40.0 |
| clk_out3_clk_wiz_0 | u1_clk_wiz_0/inst/clk_out3_clk_wiz_0 |            20.0 |
| clk_out4_clk_wiz_0 | u1_clk_wiz_0/inst/clk_out4_clk_wiz_0 |            10.0 |
| clkfbout_clk_wiz_0 | u1_clk_wiz_0/inst/clkfbout_clk_wiz_0 |            20.0 |
| sys_clk_i          | sys_clk_i                            |            20.0 |
+--------------------+--------------------------------------+-----------------+


3. Detailed Reports
-------------------

3.1 By Hierarchy
----------------

+---------------------+-----------+
| Name                | Power (W) |
+---------------------+-----------+
| at7                 |     0.003 |
|   u1_clk_wiz_0      |    <0.001 |
|     inst            |    <0.001 |
|   u2_led_controller |    <0.001 |
|   u3_led_controller |    <0.001 |
|   u4_led_controller |    <0.001 |
|   u5_led_controller |    <0.001 |
+---------------------+-----------+


